<?xml version="1.0" encoding="UTF-8"?>
<testsuite xmlns:xsi="http://www.w3.org/2001/XMLSchema-instance" xsi:noNamespaceSchemaLocation="https://maven.apache.org/surefire/maven-surefire-plugin/xsd/surefire-test-report.xsd" name="com.knoldus.springcrudjunit.SpringCrudJunitApplicationTests" time="9.498" tests="3" errors="0" skipped="0" failures="0">
  <properties>
[...]
</properties>
  <testcase name="testUpdateById" classname="com.knoldus.springcrudjunit.SpringCrudJunitApplicationTests" time="0.1"/>
  <testcase name="testAddEmployee" classname="com.knoldus.springcrudjunit.SpringCrudJunitApplicationTests" time="0.017"/>
  <testcase name="testFetchAllEmployees" classname="com.knoldus.springcrudjunit.SpringCrudJunitApplicationTests" time="0.018"/>
</testsuite>